This is pdfTeX, Version 3.14159265-2.6-1.40.15 (TeX Live 2014) (preloaded format=pdflatex 2014.7.30)  9 FEB 2016 19:39
entering extended mode
 restricted \write18 enabled.
 %&-line parsing enabled.
**040experiments.tex
(./040experiments.tex
LaTeX2e <2014/05/01>
Babel <3.9k> and hyphenation patterns for 78 languages loaded.
! Undefined control sequence.
l.1 \subsection
               {Test Case I}
The control sequence at the end of the top line
of your error message was never \def'ed. If you have
misspelled it (e.g., `\hobx'), type `I' and the correct
spelling (e.g., `I\hbox'). Otherwise just continue,
and I'll forget about whatever was undefined.


! LaTeX Error: Missing \begin{document}.

See the LaTeX manual or LaTeX Companion for explanation.
Type  H <return>  for immediate help.
 ...                                              
                                                  
l.1 \subsection{T
                 est Case I}
You're in trouble here.  Try typing  <return>  to proceed.
If that doesn't work, type  X <return>  to quit.

Missing character: There is no T in font nullfont!
Missing character: There is no e in font nullfont!
Missing character: There is no s in font nullfont!
Missing character: There is no t in font nullfont!
Missing character: There is no C in font nullfont!
Missing character: There is no a in font nullfont!
Missing character: There is no s in font nullfont!
Missing character: There is no e in font nullfont!
Missing character: There is no I in font nullfont!
! Undefined control sequence.
l.2 \includegraphics
                    {spy1.eps} \\
The control sequence at the end of the top line
of your error message was never \def'ed. If you have
misspelled it (e.g., `\hobx'), type `I' and the correct
spelling (e.g., `I\hbox'). Otherwise just continue,
and I'll forget about whatever was undefined.

Missing character: There is no s in font nullfont!
Missing character: There is no p in font nullfont!
Missing character: There is no y in font nullfont!
Missing character: There is no 1 in font nullfont!
Missing character: There is no . in font nullfont!
Missing character: There is no e in font nullfont!
Missing character: There is no p in font nullfont!
Missing character: There is no s in font nullfont!
! Undefined control sequence.
<recently read> \includegraphics 
                                 
l.3 \includegraphics
                    {graph1} \\
The control sequence at the end of the top line
of your error message was never \def'ed. If you have
misspelled it (e.g., `\hobx'), type `I' and the correct
spelling (e.g., `I\hbox'). Otherwise just continue,
and I'll forget about whatever was undefined.

Missing character: There is no g in font nullfont!
Missing character: There is no r in font nullfont!
Missing character: There is no a in font nullfont!
Missing character: There is no p in font nullfont!
Missing character: There is no h in font nullfont!
Missing character: There is no 1 in font nullfont!
Missing character: There is no O in font nullfont!
Missing character: There is no u in font nullfont!
Missing character: There is no t in font nullfont!
Missing character: There is no p in font nullfont!
Missing character: There is no u in font nullfont!
Missing character: There is no t in font nullfont!
Missing character: There is no : in font nullfont!

Overfull \hbox (20.0pt too wide) in paragraph at lines 1--5
[]
 []


Overfull \hbox (335.99707pt too wide) in paragraph at lines 7--7
[]\OT1/cmtt/m/n/10 [(1, 1), (2, 1), (3, 1), (4, 1), (5, 1), (6, 1), (7, 1), (8,
 1)][] 
 []

! Undefined control sequence.
l.9 \subsection
               {Test Case II}
The control sequence at the end of the top line
of your error message was never \def'ed. If you have
misspelled it (e.g., `\hobx'), type `I' and the correct
spelling (e.g., `I\hbox'). Otherwise just continue,
and I'll forget about whatever was undefined.

Missing character: There is no T in font nullfont!
Missing character: There is no e in font nullfont!
Missing character: There is no s in font nullfont!
Missing character: There is no t in font nullfont!
Missing character: There is no C in font nullfont!
Missing character: There is no a in font nullfont!
Missing character: There is no s in font nullfont!
Missing character: There is no e in font nullfont!
Missing character: There is no I in font nullfont!
Missing character: There is no I in font nullfont!

Overfull \hbox (20.0pt too wide) in paragraph at lines 9--10
[]
 []


Overfull \hbox (15.74986pt too wide) in paragraph at lines 17--17
[]\OT1/cmtt/m/n/10 1,2[] 
 []


Overfull \hbox (15.74986pt too wide) in paragraph at lines 17--17
[]\OT1/cmtt/m/n/10 1,3[] 
 []


Overfull \hbox (15.74986pt too wide) in paragraph at lines 17--17
[]\OT1/cmtt/m/n/10 1,4[] 
 []


Overfull \hbox (15.74986pt too wide) in paragraph at lines 17--17
[]\OT1/cmtt/m/n/10 2,3[] 
 []


Overfull \hbox (15.74986pt too wide) in paragraph at lines 17--17
[]\OT1/cmtt/m/n/10 2,4[] 
 []


Overfull \hbox (15.74986pt too wide) in paragraph at lines 17--17
[]\OT1/cmtt/m/n/10 3,4[] 
 []

! Undefined control sequence.
l.18 \includegraphics
                     {graph2} \\
The control sequence at the end of the top line
of your error message was never \def'ed. If you have
misspelled it (e.g., `\hobx'), type `I' and the correct
spelling (e.g., `I\hbox'). Otherwise just continue,
and I'll forget about whatever was undefined.

Missing character: There is no g in font nullfont!
Missing character: There is no r in font nullfont!
Missing character: There is no a in font nullfont!
Missing character: There is no p in font nullfont!
Missing character: There is no h in font nullfont!
Missing character: There is no 2 in font nullfont!
Missing character: There is no O in font nullfont!
Missing character: There is no u in font nullfont!
Missing character: There is no t in font nullfont!
Missing character: There is no p in font nullfont!
Missing character: There is no u in font nullfont!
Missing character: There is no t in font nullfont!
Missing character: There is no : in font nullfont!

Overfull \hbox (167.99854pt too wide) in paragraph at lines 22--22
[]\OT1/cmtt/m/n/10 [(1, 3), (2, 3), (3, 3), (4, 3)][] 
 []

! Undefined control sequence.
l.24 \subsection
                {Test Case III}
The control sequence at the end of the top line
of your error message was never \def'ed. If you have
misspelled it (e.g., `\hobx'), type `I' and the correct
spelling (e.g., `I\hbox'). Otherwise just continue,
and I'll forget about whatever was undefined.

Missing character: There is no T in font nullfont!
Missing character: There is no e in font nullfont!
Missing character: There is no s in font nullfont!
Missing character: There is no t in font nullfont!
Missing character: There is no C in font nullfont!
Missing character: There is no a in font nullfont!
Missing character: There is no s in font nullfont!
Missing character: There is no e in font nullfont!
Missing character: There is no I in font nullfont!
Missing character: There is no I in font nullfont!
Missing character: There is no I in font nullfont!

Overfull \hbox (20.0pt too wide) in paragraph at lines 24--25
[]
 []


Overfull \hbox (15.74986pt too wide) in paragraph at lines 37--37
[]\OT1/cmtt/m/n/10 1,2[] 
 []


Overfull \hbox (15.74986pt too wide) in paragraph at lines 37--37
[]\OT1/cmtt/m/n/10 2,3[] 
 []


Overfull \hbox (15.74986pt too wide) in paragraph at lines 37--37
[]\OT1/cmtt/m/n/10 3,4[] 
 []


Overfull \hbox (15.74986pt too wide) in paragraph at lines 37--37
[]\OT1/cmtt/m/n/10 4,5[] 
 []


Overfull \hbox (15.74986pt too wide) in paragraph at lines 37--37
[]\OT1/cmtt/m/n/10 5,6[] 
 []


Overfull \hbox (15.74986pt too wide) in paragraph at lines 37--37
[]\OT1/cmtt/m/n/10 6,7[] 
 []


Overfull \hbox (15.74986pt too wide) in paragraph at lines 37--37
[]\OT1/cmtt/m/n/10 7,8[] 
 []


Overfull \hbox (15.74986pt too wide) in paragraph at lines 37--37
[]\OT1/cmtt/m/n/10 4,9[] 
 []


Overfull \hbox (20.99982pt too wide) in paragraph at lines 37--37
[]\OT1/cmtt/m/n/10 9,10[] 
 []


Overfull \hbox (26.24977pt too wide) in paragraph at lines 37--37
[]\OT1/cmtt/m/n/10 10,11[] 
 []


Overfull \hbox (26.24977pt too wide) in paragraph at lines 37--37
[]\OT1/cmtt/m/n/10 12,13[] 
 []

! Undefined control sequence.
l.38 \includegraphics
                     [width=0.9\textwidth]{graph3} \\
The control sequence at the end of the top line
of your error message was never \def'ed. If you have
misspelled it (e.g., `\hobx'), type `I' and the correct
spelling (e.g., `I\hbox'). Otherwise just continue,
and I'll forget about whatever was undefined.

Missing character: There is no [ in font nullfont!
Missing character: There is no w in font nullfont!
Missing character: There is no i in font nullfont!
Missing character: There is no d in font nullfont!
Missing character: There is no t in font nullfont!
Missing character: There is no h in font nullfont!
Missing character: There is no = in font nullfont!
Missing character: There is no 0 in font nullfont!
Missing character: There is no . in font nullfont!
Missing character: There is no 9 in font nullfont!
! Missing number, treated as zero.
<to be read again> 
                   ]
l.38 \includegraphics[width=0.9\textwidth]
                                          {graph3} \\
A number should have been here; I inserted `0'.
(If you can't figure out why I needed to see a number,
look up `weird error' in the index to The TeXbook.)

! Illegal unit of measure (pt inserted).
<to be read again> 
                   ]
l.38 \includegraphics[width=0.9\textwidth]
                                          {graph3} \\
Dimensions can be in units of em, ex, in, pt, pc,
cm, mm, dd, cc, nd, nc, bp, or sp; but yours is a new one!
I'll assume that you meant to say pt, for printer's points.
To recover gracefully from this error, it's best to
delete the erroneous units; e.g., type `2' to delete
two letters. (See Chapter 27 of The TeXbook.)

Missing character: There is no ] in font nullfont!
Missing character: There is no g in font nullfont!
Missing character: There is no r in font nullfont!
Missing character: There is no a in font nullfont!
Missing character: There is no p in font nullfont!
Missing character: There is no h in font nullfont!
Missing character: There is no 3 in font nullfont!
Missing character: There is no O in font nullfont!
Missing character: There is no u in font nullfont!
Missing character: There is no t in font nullfont!
Missing character: There is no p in font nullfont!
Missing character: There is no u in font nullfont!
Missing character: There is no t in font nullfont!
Missing character: There is no : in font nullfont!

Overfull \hbox (309.7473pt too wide) in paragraph at lines 43--43
[]\OT1/cmtt/m/n/10 [(1, 1), (8, 1), (11, 1), (12, 1), (13, 1), (2, 1), (7, 1),[
] 
 []


Overfull \hbox (251.9978pt too wide) in paragraph at lines 43--43
[]\OT1/cmtt/m/n/10 (10, 1), (3, 1), (6, 1), (9, 1), (5, 1), (4, 1)][] 
 []

! Undefined control sequence.
l.45 \subsection
                {Test Case IV}
The control sequence at the end of the top line
of your error message was never \def'ed. If you have
misspelled it (e.g., `\hobx'), type `I' and the correct
spelling (e.g., `I\hbox'). Otherwise just continue,
and I'll forget about whatever was undefined.

Missing character: There is no T in font nullfont!
Missing character: There is no e in font nullfont!
Missing character: There is no s in font nullfont!
Missing character: There is no t in font nullfont!
Missing character: There is no C in font nullfont!
Missing character: There is no a in font nullfont!
Missing character: There is no s in font nullfont!
Missing character: There is no e in font nullfont!
Missing character: There is no I in font nullfont!
Missing character: There is no V in font nullfont!

Overfull \hbox (20.0pt too wide) in paragraph at lines 45--46
[]
 []


Overfull \hbox (15.74986pt too wide) in paragraph at lines 68--68
[]\OT1/cmtt/m/n/10 1,2[] 
 []


Overfull \hbox (15.74986pt too wide) in paragraph at lines 68--68
[]\OT1/cmtt/m/n/10 1,3[] 
 []


Overfull \hbox (15.74986pt too wide) in paragraph at lines 68--68
[]\OT1/cmtt/m/n/10 1,4[] 
 []


Overfull \hbox (15.74986pt too wide) in paragraph at lines 68--68
[]\OT1/cmtt/m/n/10 2,3[] 
 []


Overfull \hbox (15.74986pt too wide) in paragraph at lines 68--68
[]\OT1/cmtt/m/n/10 2,4[] 
 []


Overfull \hbox (15.74986pt too wide) in paragraph at lines 68--68
[]\OT1/cmtt/m/n/10 3,4[] 
 []


Overfull \hbox (15.74986pt too wide) in paragraph at lines 68--68
[]\OT1/cmtt/m/n/10 2,5[] 
 []


Overfull \hbox (15.74986pt too wide) in paragraph at lines 68--68
[]\OT1/cmtt/m/n/10 2,6[] 
 []


Overfull \hbox (15.74986pt too wide) in paragraph at lines 68--68
[]\OT1/cmtt/m/n/10 5,6[] 
 []


Overfull \hbox (15.74986pt too wide) in paragraph at lines 68--68
[]\OT1/cmtt/m/n/10 2,7[] 
 []


Overfull \hbox (15.74986pt too wide) in paragraph at lines 68--68
[]\OT1/cmtt/m/n/10 3,7[] 
 []


Overfull \hbox (15.74986pt too wide) in paragraph at lines 68--68
[]\OT1/cmtt/m/n/10 3,9[] 
 []


Overfull \hbox (20.99982pt too wide) in paragraph at lines 68--68
[]\OT1/cmtt/m/n/10 4,10[] 
 []


Overfull \hbox (20.99982pt too wide) in paragraph at lines 68--68
[]\OT1/cmtt/m/n/10 4,11[] 
 []


Overfull \hbox (15.74986pt too wide) in paragraph at lines 68--68
[]\OT1/cmtt/m/n/10 7,8[] 
 []


Overfull \hbox (26.24977pt too wide) in paragraph at lines 68--68
[]\OT1/cmtt/m/n/10 12,13[] 
 []


Overfull \hbox (26.24977pt too wide) in paragraph at lines 68--68
[]\OT1/cmtt/m/n/10 12,14[] 
 []


Overfull \hbox (26.24977pt too wide) in paragraph at lines 68--68
[]\OT1/cmtt/m/n/10 13,14[] 
 []


Overfull \hbox (26.24977pt too wide) in paragraph at lines 68--68
[]\OT1/cmtt/m/n/10 15,16[] 
 []


Overfull \hbox (26.24977pt too wide) in paragraph at lines 68--68
[]\OT1/cmtt/m/n/10 16,17[] 
 []


Overfull \hbox (26.24977pt too wide) in paragraph at lines 68--68
[]\OT1/cmtt/m/n/10 17,18[] 
 []

! Undefined control sequence.
l.69 \includegraphics
                     [width=0.9\textwidth]{graph4} \\
The control sequence at the end of the top line
of your error message was never \def'ed. If you have
misspelled it (e.g., `\hobx'), type `I' and the correct
spelling (e.g., `I\hbox'). Otherwise just continue,
and I'll forget about whatever was undefined.

Missing character: There is no [ in font nullfont!
Missing character: There is no w in font nullfont!
Missing character: There is no i in font nullfont!
Missing character: There is no d in font nullfont!
Missing character: There is no t in font nullfont!
Missing character: There is no h in font nullfont!
Missing character: There is no = in font nullfont!
Missing character: There is no 0 in font nullfont!
Missing character: There is no . in font nullfont!
Missing character: There is no 9 in font nullfont!
! Missing number, treated as zero.
<to be read again> 
                   ]
l.69 \includegraphics[width=0.9\textwidth]
                                          {graph4} \\
A number should have been here; I inserted `0'.
(If you can't figure out why I needed to see a number,
look up `weird error' in the index to The TeXbook.)

! Illegal unit of measure (pt inserted).
<to be read again> 
                   ]
l.69 \includegraphics[width=0.9\textwidth]
                                          {graph4} \\
Dimensions can be in units of em, ex, in, pt, pc,
cm, mm, dd, cc, nd, nc, bp, or sp; but yours is a new one!
I'll assume that you meant to say pt, for printer's points.
To recover gracefully from this error, it's best to
delete the erroneous units; e.g., type `2' to delete
two letters. (See Chapter 27 of The TeXbook.)

Missing character: There is no ] in font nullfont!
Missing character: There is no g in font nullfont!
Missing character: There is no r in font nullfont!
Missing character: There is no a in font nullfont!
Missing character: There is no p in font nullfont!
Missing character: There is no h in font nullfont!
Missing character: There is no 4 in font nullfont!
Missing character: There is no O in font nullfont!
Missing character: There is no u in font nullfont!
Missing character: There is no t in font nullfont!
Missing character: There is no p in font nullfont!
Missing character: There is no u in font nullfont!
Missing character: There is no t in font nullfont!
Missing character: There is no : in font nullfont!

Overfull \hbox (272.99762pt too wide) in paragraph at lines 75--75
[]\OT1/cmtt/m/n/10 [(8, 1), (9, 1), (10, 1), (11, 1), (15, 1), (16, 1),[] 
 []


Overfull \hbox (267.74767pt too wide) in paragraph at lines 75--75
[]\OT1/cmtt/m/n/10 (17, 1), (5, 2), (6, 2), (12, 2), (13, 2), (14, 2),[] 
 []


Overfull \hbox (204.74821pt too wide) in paragraph at lines 75--75
[]\OT1/cmtt/m/n/10 (7, 2), (4, 3), (1, 3), (2, 3), (3, 3)][] 
 []

! Undefined control sequence.
l.77 \subsection
                {Test Case V}
The control sequence at the end of the top line
of your error message was never \def'ed. If you have
misspelled it (e.g., `\hobx'), type `I' and the correct
spelling (e.g., `I\hbox'). Otherwise just continue,
and I'll forget about whatever was undefined.

Missing character: There is no T in font nullfont!
Missing character: There is no e in font nullfont!
Missing character: There is no s in font nullfont!
Missing character: There is no t in font nullfont!
Missing character: There is no C in font nullfont!
Missing character: There is no a in font nullfont!
Missing character: There is no s in font nullfont!
Missing character: There is no e in font nullfont!
Missing character: There is no V in font nullfont!

Overfull \hbox (20.0pt too wide) in paragraph at lines 77--78
[]
 []


Overfull \hbox (15.74986pt too wide) in paragraph at lines 99--99
[]\OT1/cmtt/m/n/10 6,7[] 
 []


Overfull \hbox (15.74986pt too wide) in paragraph at lines 99--99
[]\OT1/cmtt/m/n/10 6,8[] 
 []


Overfull \hbox (15.74986pt too wide) in paragraph at lines 99--99
[]\OT1/cmtt/m/n/10 6,9[] 
 []


Overfull \hbox (20.99982pt too wide) in paragraph at lines 99--99
[]\OT1/cmtt/m/n/10 6,10[] 
 []


Overfull \hbox (15.74986pt too wide) in paragraph at lines 99--99
[]\OT1/cmtt/m/n/10 7,8[] 
 []


Overfull \hbox (15.74986pt too wide) in paragraph at lines 99--99
[]\OT1/cmtt/m/n/10 7,9[] 
 []


Overfull \hbox (20.99982pt too wide) in paragraph at lines 99--99
[]\OT1/cmtt/m/n/10 7,10[] 
 []


Overfull \hbox (15.74986pt too wide) in paragraph at lines 99--99
[]\OT1/cmtt/m/n/10 8,9[] 
 []


Overfull \hbox (20.99982pt too wide) in paragraph at lines 99--99
[]\OT1/cmtt/m/n/10 8,10[] 
 []


Overfull \hbox (20.99982pt too wide) in paragraph at lines 99--99
[]\OT1/cmtt/m/n/10 9,10[] 
 []


Overfull \hbox (15.74986pt too wide) in paragraph at lines 99--99
[]\OT1/cmtt/m/n/10 1,6[] 
 []


Overfull \hbox (20.99982pt too wide) in paragraph at lines 99--99
[]\OT1/cmtt/m/n/10 1,10[] 
 []


Overfull \hbox (15.74986pt too wide) in paragraph at lines 99--99
[]\OT1/cmtt/m/n/10 2,6[] 
 []


Overfull \hbox (15.74986pt too wide) in paragraph at lines 99--99
[]\OT1/cmtt/m/n/10 2,7[] 
 []


Overfull \hbox (15.74986pt too wide) in paragraph at lines 99--99
[]\OT1/cmtt/m/n/10 3,7[] 
 []


Overfull \hbox (15.74986pt too wide) in paragraph at lines 99--99
[]\OT1/cmtt/m/n/10 3,8[] 
 []


Overfull \hbox (15.74986pt too wide) in paragraph at lines 99--99
[]\OT1/cmtt/m/n/10 4,8[] 
 []


Overfull \hbox (15.74986pt too wide) in paragraph at lines 99--99
[]\OT1/cmtt/m/n/10 4,9[] 
 []


Overfull \hbox (15.74986pt too wide) in paragraph at lines 99--99
[]\OT1/cmtt/m/n/10 5,9[] 
 []


Overfull \hbox (20.99982pt too wide) in paragraph at lines 99--99
[]\OT1/cmtt/m/n/10 5,10[] 
 []

Missing character: There is no O in font nullfont!
Missing character: There is no u in font nullfont!
Missing character: There is no t in font nullfont!
Missing character: There is no p in font nullfont!
Missing character: There is no u in font nullfont!
Missing character: There is no t in font nullfont!
Missing character: There is no : in font nullfont!

Overfull \hbox (251.9978pt too wide) in paragraph at lines 104--104
[]\OT1/cmtt/m/n/10 [(2, 2), (3, 2), (4, 2), (5, 2), (1, 2), (7, 4),[] 
 []


Overfull \hbox (167.99854pt too wide) in paragraph at lines 104--104
[]\OT1/cmtt/m/n/10 (6, 4), (8, 4), (9, 4), (10, 4)][] 
 []

)
! Emergency stop.
<*> 040experiments.tex
                      
*** (job aborted, no legal \end found)

 
Here is how much of TeX's memory you used:
 9 strings out of 493117
 195 string characters out of 6135433
 58909 words of memory out of 5000000
 3571 multiletter control sequences out of 15000+600000
 3808 words of font info for 15 fonts, out of 8000000 for 9000
 1141 hyphenation exceptions out of 8191
 18i,1n,14p,85b,155s stack positions out of 5000i,500n,10000p,200000b,80000s
!  ==> Fatal error occurred, no output PDF file produced!
