This is pdfTeX, Version 3.14159265-2.6-1.40.15 (TeX Live 2014) (preloaded format=pdflatex 2014.7.30)  10 FEB 2016 09:36
entering extended mode
 restricted \write18 enabled.
 %&-line parsing enabled.
**paper.tex
(./paper.tex
LaTeX2e <2014/05/01>
Babel <3.9k> and hyphenation patterns for 78 languages loaded.
(/usr/local/texlive/2014/texmf-dist/tex/latex/base/article.cls
Document Class: article 2007/10/19 v1.4h Standard LaTeX document class
(/usr/local/texlive/2014/texmf-dist/tex/latex/base/size12.clo
File: size12.clo 2007/10/19 v1.4h Standard LaTeX file (size option)
)
\c@part=\count79
\c@section=\count80
\c@subsection=\count81
\c@subsubsection=\count82
\c@paragraph=\count83
\c@subparagraph=\count84
\c@figure=\count85
\c@table=\count86
\abovecaptionskip=\skip41
\belowcaptionskip=\skip42
\bibindent=\dimen102
)
(/usr/local/texlive/2014/texmf-dist/tex/latex/preprint/fullpage.sty
Package: fullpage 1999/02/23 1.1 (PWD)
\FP@margin=\skip43
)
(/usr/local/texlive/2014/texmf-dist/tex/latex/graphics/graphicx.sty
Package: graphicx 2014/04/25 v1.0g Enhanced LaTeX Graphics (DPC,SPQR)

(/usr/local/texlive/2014/texmf-dist/tex/latex/graphics/keyval.sty
Package: keyval 2014/05/08 v1.15 key=value parser (DPC)
\KV@toks@=\toks14
)
(/usr/local/texlive/2014/texmf-dist/tex/latex/graphics/graphics.sty
Package: graphics 2009/02/05 v1.0o Standard LaTeX Graphics (DPC,SPQR)

(/usr/local/texlive/2014/texmf-dist/tex/latex/graphics/trig.sty
Package: trig 1999/03/16 v1.09 sin cos tan (DPC)
)
(/usr/local/texlive/2014/texmf-dist/tex/latex/latexconfig/graphics.cfg
File: graphics.cfg 2010/04/23 v1.9 graphics configuration of TeX Live
)
Package graphics Info: Driver file: pdftex.def on input line 91.

(/usr/local/texlive/2014/texmf-dist/tex/latex/pdftex-def/pdftex.def
File: pdftex.def 2011/05/27 v0.06d Graphics/color for pdfTeX

(/usr/local/texlive/2014/texmf-dist/tex/generic/oberdiek/infwarerr.sty
Package: infwarerr 2010/04/08 v1.3 Providing info/warning/error messages (HO)
)
(/usr/local/texlive/2014/texmf-dist/tex/generic/oberdiek/ltxcmds.sty
Package: ltxcmds 2011/11/09 v1.22 LaTeX kernel commands for general use (HO)
)
\Gread@gobject=\count87
))
\Gin@req@height=\dimen103
\Gin@req@width=\dimen104
)
(/usr/local/texlive/2014/texmf-dist/tex/latex/mdwtools/mdwlist.sty
Package: mdwlist 1996/05/02 1.1 Various list-related things
)
(/usr/local/texlive/2014/texmf-dist/tex/latex/float/float.sty
Package: float 2001/11/08 v1.3d Float enhancements (AL)
\c@float@type=\count88
\float@exts=\toks15
\float@box=\box26
\@float@everytoks=\toks16
\@floatcapt=\box27
)
(/usr/local/texlive/2014/texmf-dist/tex/latex/wrapfig/wrapfig.sty
\wrapoverhang=\dimen105
\WF@size=\dimen106
\c@WF@wrappedlines=\count89
\WF@box=\box28
\WF@everypar=\toks17
Package: wrapfig 2003/01/31  v 3.6
) (./paper.aux)
\openout1 = `paper.aux'.

LaTeX Font Info:    Checking defaults for OML/cmm/m/it on input line 26.
LaTeX Font Info:    ... okay on input line 26.
LaTeX Font Info:    Checking defaults for T1/cmr/m/n on input line 26.
LaTeX Font Info:    ... okay on input line 26.
LaTeX Font Info:    Checking defaults for OT1/cmr/m/n on input line 26.
LaTeX Font Info:    ... okay on input line 26.
LaTeX Font Info:    Checking defaults for OMS/cmsy/m/n on input line 26.
LaTeX Font Info:    ... okay on input line 26.
LaTeX Font Info:    Checking defaults for OMX/cmex/m/n on input line 26.
LaTeX Font Info:    ... okay on input line 26.
LaTeX Font Info:    Checking defaults for U/cmr/m/n on input line 26.
LaTeX Font Info:    ... okay on input line 26.
 (/usr/local/texlive/2014/texmf-dist/tex/context/base/supp-pdf.mkii
[Loading MPS to PDF converter (version 2006.09.02).]
\scratchcounter=\count90
\scratchdimen=\dimen107
\scratchbox=\box29
\nofMPsegments=\count91
\nofMParguments=\count92
\everyMPshowfont=\toks18
\MPscratchCnt=\count93
\MPscratchDim=\dimen108
\MPnumerator=\count94
\makeMPintoPDFobject=\count95
\everyMPtoPDFconversion=\toks19
) (/usr/local/texlive/2014/texmf-dist/tex/generic/oberdiek/pdftexcmds.sty
Package: pdftexcmds 2011/11/29 v0.20 Utility functions of pdfTeX for LuaTeX (HO
)

(/usr/local/texlive/2014/texmf-dist/tex/generic/oberdiek/ifluatex.sty
Package: ifluatex 2010/03/01 v1.3 Provides the ifluatex switch (HO)
Package ifluatex Info: LuaTeX not detected.
)
(/usr/local/texlive/2014/texmf-dist/tex/generic/oberdiek/ifpdf.sty
Package: ifpdf 2011/01/30 v2.3 Provides the ifpdf switch (HO)
Package ifpdf Info: pdfTeX in PDF mode is detected.
)
Package pdftexcmds Info: LuaTeX not detected.
Package pdftexcmds Info: \pdf@primitive is available.
Package pdftexcmds Info: \pdf@ifprimitive is available.
Package pdftexcmds Info: \pdfdraftmode found.
)
(/usr/local/texlive/2014/texmf-dist/tex/latex/oberdiek/epstopdf-base.sty
Package: epstopdf-base 2010/02/09 v2.5 Base part for package epstopdf

(/usr/local/texlive/2014/texmf-dist/tex/latex/oberdiek/grfext.sty
Package: grfext 2010/08/19 v1.1 Manage graphics extensions (HO)

(/usr/local/texlive/2014/texmf-dist/tex/generic/oberdiek/kvdefinekeys.sty
Package: kvdefinekeys 2011/04/07 v1.3 Define keys (HO)
))
(/usr/local/texlive/2014/texmf-dist/tex/latex/oberdiek/kvoptions.sty
Package: kvoptions 2011/06/30 v3.11 Key value format for package options (HO)

(/usr/local/texlive/2014/texmf-dist/tex/generic/oberdiek/kvsetkeys.sty
Package: kvsetkeys 2012/04/25 v1.16 Key value parser (HO)

(/usr/local/texlive/2014/texmf-dist/tex/generic/oberdiek/etexcmds.sty
Package: etexcmds 2011/02/16 v1.5 Avoid name clashes with e-TeX commands (HO)
Package etexcmds Info: Could not find \expanded.
(etexcmds)             That can mean that you are not using pdfTeX 1.50 or
(etexcmds)             that some package has redefined \expanded.
(etexcmds)             In the latter case, load this package earlier.
)))
Package grfext Info: Graphics extension search list:
(grfext)             [.png,.pdf,.jpg,.mps,.jpeg,.jbig2,.jb2,.PNG,.PDF,.JPG,.JPE
G,.JBIG2,.JB2,.eps]
(grfext)             \AppendGraphicsExtensions on input line 452.

(/usr/local/texlive/2014/texmf-dist/tex/latex/latexconfig/epstopdf-sys.cfg
File: epstopdf-sys.cfg 2010/07/13 v1.3 Configuration of (r)epstopdf for TeX Liv
e
))
\c@lemma=\count96
\c@theorem=\count97
\c@proof=\count98
\c@defn=\count99
\c@algo=\count100
\c@observation=\count101
LaTeX Font Info:    External font `cmex10' loaded for size
(Font)              <14.4> on input line 56.
LaTeX Font Info:    External font `cmex10' loaded for size
(Font)              <7> on input line 56.

(./020survey.tex
LaTeX Font Info:    Try loading font information for OMS+cmr on input line 6.
 (/usr/local/texlive/2014/texmf-dist/tex/latex/base/omscmr.fd
File: omscmr.fd 1999/05/25 v2.5h Standard LaTeX font definitions
)
LaTeX Font Info:    Font shape `OMS/cmr/m/n' in size <12> not available
(Font)              Font shape `OMS/cmsy/m/n' tried instead on input line 6.

Overfull \hbox (9.54556pt too wide) in paragraph at lines 8--9
[]\OT1/cmr/m/it/12 Shortcomings\OT1/cmr/m/n/12 :There is no stan-dard met-rics 
to eval-u-ate these al-go-rithms/methods propsed
 []

[1

{/usr/local/texlive/2014/texmf-var/fonts/map/pdftex/updmap/pdftex.map}]
[2]
Missing character: There is no â in font cmr12!
Missing character: There is no € in font cmr12!
Missing character: There is no ™ in font cmr12!
Missing character: There is no â in font cmr12!
Missing character: There is no € in font cmr12!
Missing character: There is no ” in font cmr12!
Missing character: There is no â in font cmr12!
Missing character: There is no € in font cmr12!
Missing character: There is no ™ in font cmr12!
LaTeX Font Info:    External font `cmex10' loaded for size
(Font)              <12> on input line 52.
LaTeX Font Info:    External font `cmex10' loaded for size
(Font)              <8> on input line 52.
LaTeX Font Info:    External font `cmex10' loaded for size
(Font)              <6> on input line 52.
) (./040experiments.tex
Package epstopdf Info: Source file: <spy1.eps>
(epstopdf)                    date: 2016-02-09 19:38:30
(epstopdf)                    size: 16811 bytes
(epstopdf)             Output file: <spy1-eps-converted-to.pdf>
(epstopdf)                    date: 2016-02-09 19:39:45
(epstopdf)                    size: 5789 bytes
(epstopdf)             Command: <repstopdf --outfile=spy1-eps-converted-to.pdf 
spy1.eps>
(epstopdf)             \includegraphics on input line 5.
Package epstopdf Info: Output file is already uptodate.

<spy1-eps-converted-to.pdf, id=15, 562.1pt x 421.575pt>
File: spy1-eps-converted-to.pdf Graphic file (type pdf)

<use spy1-eps-converted-to.pdf>
Package pdftex.def Info: spy1-eps-converted-to.pdf used on input line 5.
(pdftex.def)             Requested size: 272.45874pt x 204.3414pt.
 <graph1.png, id=16, 271.0125pt x 117.5592pt>
File: graph1.png Graphic file (type png)

<use graph1.png>
Package pdftex.def Info: graph1.png used on input line 9.
(pdftex.def)             Requested size: 178.50919pt x 77.43503pt.
 [3]
Package epstopdf Info: Source file: <spy2.eps>
(epstopdf)                    date: 2016-02-09 19:38:06
(epstopdf)                    size: 17627 bytes
(epstopdf)             Output file: <spy2-eps-converted-to.pdf>
(epstopdf)                    date: 2016-02-09 19:41:25
(epstopdf)                    size: 5661 bytes
(epstopdf)             Command: <repstopdf --outfile=spy2-eps-converted-to.pdf 
spy2.eps>
(epstopdf)             \includegraphics on input line 22.
Package epstopdf Info: Output file is already uptodate.
 <spy2-eps-converted-to.pdf, id=21, 562.1pt x 421.575pt>
File: spy2-eps-converted-to.pdf Graphic file (type pdf)

<use spy2-eps-converted-to.pdf>
Package pdftex.def Info: spy2-eps-converted-to.pdf used on input line 22.
(pdftex.def)             Requested size: 272.45874pt x 204.3414pt.
 <graph2.png, id=22, 144.54pt x 144.54pt>
File: graph2.png Graphic file (type png)

<use graph2.png>
Package pdftex.def Info: graph2.png used on input line 26.
(pdftex.def)             Requested size: 131.53082pt x 131.5382pt.
 [4 <./spy1-eps-converted-to.pdf> <./graph1.png> <./spy2-eps-converted-to.pdf> 
<./graph2.png>]
Package epstopdf Info: Source file: <spy3.eps>
(epstopdf)                    date: 2016-02-09 19:44:42
(epstopdf)                    size: 18426 bytes
(epstopdf)             Output file: <spy3-eps-converted-to.pdf>
(epstopdf)                    date: 2016-02-09 19:47:17
(epstopdf)                    size: 5822 bytes
(epstopdf)             Command: <repstopdf --outfile=spy3-eps-converted-to.pdf 
spy3.eps>
(epstopdf)             \includegraphics on input line 38.
Package epstopdf Info: Output file is already uptodate.

<spy3-eps-converted-to.pdf, id=38, 562.1pt x 421.575pt>
File: spy3-eps-converted-to.pdf Graphic file (type pdf)

<use spy3-eps-converted-to.pdf>
Package pdftex.def Info: spy3-eps-converted-to.pdf used on input line 38.
(pdftex.def)             Requested size: 272.45874pt x 204.3414pt.
 <graph3.png, id=39, 569.2467pt x 225.9642pt>
File: graph3.png Graphic file (type png)

<use graph3.png>
Package pdftex.def Info: graph3.png used on input line 42.
(pdftex.def)             Requested size: 178.50919pt x 70.85843pt.
Package epstopdf Info: Source file: <spy4.eps>
(epstopdf)                    date: 2016-02-09 19:46:15
(epstopdf)                    size: 24262 bytes
(epstopdf)             Output file: <spy4-eps-converted-to.pdf>
(epstopdf)                    date: 2016-02-09 19:48:01
(epstopdf)                    size: 7177 bytes
(epstopdf)             Command: <repstopdf --outfile=spy4-eps-converted-to.pdf 
spy4.eps>
(epstopdf)             \includegraphics on input line 56.
Package epstopdf Info: Output file is already uptodate.
 <spy4-eps-converted-to.pdf, id=40, 562.1pt x 421.575pt>
File: spy4-eps-converted-to.pdf Graphic file (type pdf)

<use spy4-eps-converted-to.pdf>
Package pdftex.def Info: spy4-eps-converted-to.pdf used on input line 56.
(pdftex.def)             Requested size: 272.45874pt x 204.3414pt.
 <graph4.png, id=41, 542.025pt x 244.0317pt>
File: graph4.png Graphic file (type png)

<use graph4.png>
Package pdftex.def Info: graph4.png used on input line 60.
(pdftex.def)             Requested size: 178.50919pt x 80.36687pt.
 [5 <./spy3-eps-converted-to.pdf> <./graph3.png>]
Package epstopdf Info: Source file: <spy5.eps>
(epstopdf)                    date: 2016-02-09 19:47:25
(epstopdf)                    size: 23339 bytes
(epstopdf)             Output file: <spy5-eps-converted-to.pdf>
(epstopdf)                    date: 2016-02-09 19:52:34
(epstopdf)                    size: 7196 bytes
(epstopdf)             Command: <repstopdf --outfile=spy5-eps-converted-to.pdf 
spy5.eps>
(epstopdf)             \includegraphics on input line 74.
Package epstopdf Info: Output file is already uptodate.

<spy5-eps-converted-to.pdf, id=51, 562.1pt x 421.575pt>
File: spy5-eps-converted-to.pdf Graphic file (type pdf)

<use spy5-eps-converted-to.pdf>
Package pdftex.def Info: spy5-eps-converted-to.pdf used on input line 74.
(pdftex.def)             Requested size: 272.45874pt x 204.3414pt.
 <graph5.png, id=52, 388.3308pt x 343.2825pt>
File: graph5.png Graphic file (type png)

<use graph5.png>
Package pdftex.def Info: graph5.png used on input line 78.
(pdftex.def)             Requested size: 178.50919pt x 157.80185pt.
 [6 <./spy4-eps-converted-to.pdf> <./graph4.png> <./spy5-eps-converted-to.pdf> 
<./graph5.png>]
Overfull \hbox (30.42026pt too wide) in paragraph at lines 86--86
[]\OT1/cmtt/m/n/12 [(2, 2), (3, 2), (4, 2), (5, 2), (1, 2), (7, 4), (6, 4), (8,
 4), (9, 4), (10, 4)][] 
 []

) (./050conclusions.tex
Underfull \hbox (badness 10000) in paragraph at lines 14--16

 []

<hist1.png, id=68, 1072.005pt x 699.61375pt>
File: hist1.png Graphic file (type png)
 <use hist1.png>
Package pdftex.def Info: hist1.png used on input line 21.
(pdftex.def)             Requested size: 225.48038pt x 147.1474pt.

<hist2.png, id=70, 1055.945pt x 694.595pt>
File: hist2.png Graphic file (type png)
 <use hist2.png>
Package pdftex.def Info: hist2.png used on input line 25.
(pdftex.def)             Requested size: 225.48038pt x 148.31754pt.
) (./paper.bbl
Missing character: There is no ’ in font cmr12!

[7 <./hist1.png> <./hist2.png>]) [8] (./paper.aux) ) 
Here is how much of TeX's memory you used:
 1818 strings out of 493117
 26057 string characters out of 6135433
 86200 words of memory out of 5000000
 5246 multiletter control sequences out of 15000+600000
 9840 words of font info for 35 fonts, out of 8000000 for 9000
 1141 hyphenation exceptions out of 8191
 37i,7n,23p,818b,257s stack positions out of 5000i,500n,10000p,200000b,80000s
</usr/local/texlive/2014/te
xmf-dist/fonts/type1/public/amsfonts/cm/cmbx12.pfb></usr/local/texlive/2014/tex
mf-dist/fonts/type1/public/amsfonts/cm/cmmi12.pfb></usr/local/texlive/2014/texm
f-dist/fonts/type1/public/amsfonts/cm/cmr12.pfb></usr/local/texlive/2014/texmf-
dist/fonts/type1/public/amsfonts/cm/cmr17.pfb></usr/local/texlive/2014/texmf-di
st/fonts/type1/public/amsfonts/cm/cmsy10.pfb></usr/local/texlive/2014/texmf-dis
t/fonts/type1/public/amsfonts/cm/cmti12.pfb></usr/local/texlive/2014/texmf-dist
/fonts/type1/public/amsfonts/cm/cmtt12.pfb>
Output written on paper.pdf (8 pages, 309601 bytes).
PDF statistics:
 104 PDF objects out of 1000 (max. 8388607)
 62 compressed objects within 1 object stream
 0 named destinations out of 1000 (max. 500000)
 61 words of extra memory for PDF output out of 10000 (max. 10000000)

